  Source.cpp
C:\Users\Mohammed Skouti\Downloads\pic\pic\pic\pic\Source.cpp(385,45): warning C4305: 'initializing': truncation from 'double' to 'float'
C:\Users\Mohammed Skouti\Downloads\pic\pic\pic\pic\Source.cpp(387,32): warning C4305: 'initializing': truncation from 'double' to 'float'
C:\Users\Mohammed Skouti\Downloads\pic\pic\pic\pic\Source.cpp(804,23): warning C4305: 'argument': truncation from 'double' to 'GLfloat'
C:\Users\Mohammed Skouti\Downloads\pic\pic\pic\pic\Source.cpp(805,24): warning C4305: 'argument': truncation from 'double' to 'GLfloat'
C:\Users\Mohammed Skouti\Downloads\pic\pic\pic\pic\Source.cpp(808,22): warning C4305: 'argument': truncation from 'double' to 'GLfloat'
C:\Users\Mohammed Skouti\Downloads\pic\pic\pic\pic\Source.cpp(811,23): warning C4305: 'argument': truncation from 'double' to 'GLfloat'
C:\Users\Mohammed Skouti\Downloads\pic\pic\pic\pic\Source.cpp(814,24): warning C4305: 'argument': truncation from 'double' to 'GLfloat'
C:\Users\Mohammed Skouti\Downloads\pic\pic\pic\pic\Source.cpp(815,26): warning C4305: 'argument': truncation from 'double' to 'GLfloat'
C:\Users\Mohammed Skouti\Downloads\pic\pic\pic\pic\Source.cpp(816,24): warning C4305: 'argument': truncation from 'double' to 'GLfloat'
C:\Users\Mohammed Skouti\Downloads\pic\pic\pic\pic\Source.cpp(819,22): warning C4305: 'argument': truncation from 'double' to 'GLfloat'
C:\Users\Mohammed Skouti\Downloads\pic\pic\pic\pic\Source.cpp(820,23): warning C4305: 'argument': truncation from 'double' to 'GLfloat'
C:\Users\Mohammed Skouti\Downloads\pic\pic\pic\pic\Source.cpp(823,23): warning C4305: 'argument': truncation from 'double' to 'GLfloat'
C:\Users\Mohammed Skouti\Downloads\pic\pic\pic\pic\Source.cpp(824,24): warning C4305: 'argument': truncation from 'double' to 'GLfloat'
C:\Users\Mohammed Skouti\Downloads\pic\pic\pic\pic\Source.cpp(830,24): warning C4305: 'argument': truncation from 'double' to 'GLfloat'
C:\Users\Mohammed Skouti\Downloads\pic\pic\pic\pic\Source.cpp(831,23): warning C4305: 'argument': truncation from 'double' to 'GLfloat'
C:\Users\Mohammed Skouti\Downloads\pic\pic\pic\pic\Source.cpp(833,23): warning C4305: 'argument': truncation from 'double' to 'GLfloat'
C:\Users\Mohammed Skouti\Downloads\pic\pic\pic\pic\Source.cpp(834,24): warning C4305: 'argument': truncation from 'double' to 'GLfloat'
C:\Users\Mohammed Skouti\Downloads\pic\pic\pic\pic\Source.cpp(838,24): warning C4305: 'argument': truncation from 'double' to 'GLfloat'
C:\Users\Mohammed Skouti\Downloads\pic\pic\pic\pic\Source.cpp(839,25): warning C4305: 'argument': truncation from 'double' to 'GLfloat'
C:\Users\Mohammed Skouti\Downloads\pic\pic\pic\pic\Source.cpp(845,25): warning C4305: 'argument': truncation from 'double' to 'GLfloat'
C:\Users\Mohammed Skouti\Downloads\pic\pic\pic\pic\Source.cpp(846,24): warning C4305: 'argument': truncation from 'double' to 'GLfloat'
C:\Users\Mohammed Skouti\Downloads\pic\pic\pic\pic\Source.cpp(849,22): warning C4305: 'argument': truncation from 'double' to 'GLfloat'
C:\Users\Mohammed Skouti\Downloads\pic\pic\pic\pic\Source.cpp(850,24): warning C4305: 'argument': truncation from 'double' to 'GLfloat'
C:\Users\Mohammed Skouti\Downloads\pic\pic\pic\pic\Source.cpp(851,22): warning C4305: 'argument': truncation from 'double' to 'GLfloat'
C:\Users\Mohammed Skouti\Downloads\pic\pic\pic\pic\Source.cpp(854,23): warning C4305: 'argument': truncation from 'double' to 'GLfloat'
C:\Users\Mohammed Skouti\Downloads\pic\pic\pic\pic\Source.cpp(855,25): warning C4305: 'argument': truncation from 'double' to 'GLfloat'
C:\Users\Mohammed Skouti\Downloads\pic\pic\pic\pic\Source.cpp(856,23): warning C4305: 'argument': truncation from 'double' to 'GLfloat'
C:\Users\Mohammed Skouti\Downloads\pic\pic\pic\pic\Source.cpp(859,23): warning C4305: 'argument': truncation from 'double' to 'GLfloat'
C:\Users\Mohammed Skouti\Downloads\pic\pic\pic\pic\Source.cpp(860,25): warning C4305: 'argument': truncation from 'double' to 'GLfloat'
C:\Users\Mohammed Skouti\Downloads\pic\pic\pic\pic\Source.cpp(861,23): warning C4305: 'argument': truncation from 'double' to 'GLfloat'
C:\Users\Mohammed Skouti\Downloads\pic\pic\pic\pic\Source.cpp(864,24): warning C4305: 'argument': truncation from 'double' to 'GLfloat'
C:\Users\Mohammed Skouti\Downloads\pic\pic\pic\pic\Source.cpp(865,26): warning C4305: 'argument': truncation from 'double' to 'GLfloat'
C:\Users\Mohammed Skouti\Downloads\pic\pic\pic\pic\Source.cpp(866,24): warning C4305: 'argument': truncation from 'double' to 'GLfloat'
C:\Users\Mohammed Skouti\Downloads\pic\pic\pic\pic\Source.cpp(869,24): warning C4305: 'argument': truncation from 'double' to 'GLfloat'
C:\Users\Mohammed Skouti\Downloads\pic\pic\pic\pic\Source.cpp(870,26): warning C4305: 'argument': truncation from 'double' to 'GLfloat'
C:\Users\Mohammed Skouti\Downloads\pic\pic\pic\pic\Source.cpp(871,24): warning C4305: 'argument': truncation from 'double' to 'GLfloat'
C:\Users\Mohammed Skouti\Downloads\pic\pic\pic\pic\Source.cpp(874,25): warning C4305: 'argument': truncation from 'double' to 'GLfloat'
C:\Users\Mohammed Skouti\Downloads\pic\pic\pic\pic\Source.cpp(875,27): warning C4305: 'argument': truncation from 'double' to 'GLfloat'
C:\Users\Mohammed Skouti\Downloads\pic\pic\pic\pic\Source.cpp(876,25): warning C4305: 'argument': truncation from 'double' to 'GLfloat'
C:\Users\Mohammed Skouti\Downloads\pic\pic\pic\pic\Source.cpp(879,23): warning C4305: 'argument': truncation from 'double' to 'GLfloat'
C:\Users\Mohammed Skouti\Downloads\pic\pic\pic\pic\Source.cpp(880,25): warning C4305: 'argument': truncation from 'double' to 'GLfloat'
C:\Users\Mohammed Skouti\Downloads\pic\pic\pic\pic\Source.cpp(881,23): warning C4305: 'argument': truncation from 'double' to 'GLfloat'
C:\Users\Mohammed Skouti\Downloads\pic\pic\pic\pic\Source.cpp(884,23): warning C4305: 'argument': truncation from 'double' to 'GLfloat'
C:\Users\Mohammed Skouti\Downloads\pic\pic\pic\pic\Source.cpp(885,22): warning C4305: 'argument': truncation from 'double' to 'GLfloat'
C:\Users\Mohammed Skouti\Downloads\pic\pic\pic\pic\Source.cpp(886,23): warning C4305: 'argument': truncation from 'double' to 'GLfloat'
C:\Users\Mohammed Skouti\Downloads\pic\pic\pic\pic\Source.cpp(887,24): warning C4305: 'argument': truncation from 'double' to 'GLfloat'
C:\Users\Mohammed Skouti\Downloads\pic\pic\pic\pic\Source.cpp(889,22): warning C4305: 'argument': truncation from 'double' to 'GLfloat'
C:\Users\Mohammed Skouti\Downloads\pic\pic\pic\pic\Source.cpp(890,23): warning C4305: 'argument': truncation from 'double' to 'GLfloat'
C:\Users\Mohammed Skouti\Downloads\pic\pic\pic\pic\Source.cpp(891,24): warning C4305: 'argument': truncation from 'double' to 'GLfloat'
C:\Users\Mohammed Skouti\Downloads\pic\pic\pic\pic\Source.cpp(892,23): warning C4305: 'argument': truncation from 'double' to 'GLfloat'
C:\Users\Mohammed Skouti\Downloads\pic\pic\pic\pic\Source.cpp(894,23): warning C4305: 'argument': truncation from 'double' to 'GLfloat'
C:\Users\Mohammed Skouti\Downloads\pic\pic\pic\pic\Source.cpp(895,24): warning C4305: 'argument': truncation from 'double' to 'GLfloat'
C:\Users\Mohammed Skouti\Downloads\pic\pic\pic\pic\Source.cpp(896,25): warning C4305: 'argument': truncation from 'double' to 'GLfloat'
C:\Users\Mohammed Skouti\Downloads\pic\pic\pic\pic\Source.cpp(897,24): warning C4305: 'argument': truncation from 'double' to 'GLfloat'
C:\Users\Mohammed Skouti\Downloads\pic\pic\pic\pic\Source.cpp(899,24): warning C4305: 'argument': truncation from 'double' to 'GLfloat'
C:\Users\Mohammed Skouti\Downloads\pic\pic\pic\pic\Source.cpp(900,25): warning C4305: 'argument': truncation from 'double' to 'GLfloat'
C:\Users\Mohammed Skouti\Downloads\pic\pic\pic\pic\Source.cpp(901,24): warning C4305: 'argument': truncation from 'double' to 'GLfloat'
C:\Users\Mohammed Skouti\Downloads\pic\pic\pic\pic\Source.cpp(902,23): warning C4305: 'argument': truncation from 'double' to 'GLfloat'
C:\Users\Mohammed Skouti\Downloads\pic\pic\pic\pic\Source.cpp(904,23): warning C4305: 'argument': truncation from 'double' to 'GLfloat'
C:\Users\Mohammed Skouti\Downloads\pic\pic\pic\pic\Source.cpp(905,22): warning C4305: 'argument': truncation from 'double' to 'GLfloat'
C:\Users\Mohammed Skouti\Downloads\pic\pic\pic\pic\Source.cpp(906,23): warning C4305: 'argument': truncation from 'double' to 'GLfloat'
C:\Users\Mohammed Skouti\Downloads\pic\pic\pic\pic\Source.cpp(907,24): warning C4305: 'argument': truncation from 'double' to 'GLfloat'
C:\Users\Mohammed Skouti\Downloads\pic\pic\pic\pic\Source.cpp(909,24): warning C4305: 'argument': truncation from 'double' to 'GLfloat'
C:\Users\Mohammed Skouti\Downloads\pic\pic\pic\pic\Source.cpp(910,23): warning C4305: 'argument': truncation from 'double' to 'GLfloat'
C:\Users\Mohammed Skouti\Downloads\pic\pic\pic\pic\Source.cpp(911,24): warning C4305: 'argument': truncation from 'double' to 'GLfloat'
C:\Users\Mohammed Skouti\Downloads\pic\pic\pic\pic\Source.cpp(912,25): warning C4305: 'argument': truncation from 'double' to 'GLfloat'
C:\Users\Mohammed Skouti\Downloads\pic\pic\pic\pic\Source.cpp(914,22): warning C4305: 'argument': truncation from 'double' to 'GLfloat'
C:\Users\Mohammed Skouti\Downloads\pic\pic\pic\pic\Source.cpp(915,23): warning C4305: 'argument': truncation from 'double' to 'GLfloat'
C:\Users\Mohammed Skouti\Downloads\pic\pic\pic\pic\Source.cpp(916,24): warning C4305: 'argument': truncation from 'double' to 'GLfloat'
C:\Users\Mohammed Skouti\Downloads\pic\pic\pic\pic\Source.cpp(917,23): warning C4305: 'argument': truncation from 'double' to 'GLfloat'
C:\Users\Mohammed Skouti\Downloads\pic\pic\pic\pic\Source.cpp(919,23): warning C4305: 'argument': truncation from 'double' to 'GLfloat'
C:\Users\Mohammed Skouti\Downloads\pic\pic\pic\pic\Source.cpp(920,24): warning C4305: 'argument': truncation from 'double' to 'GLfloat'
C:\Users\Mohammed Skouti\Downloads\pic\pic\pic\pic\Source.cpp(921,25): warning C4305: 'argument': truncation from 'double' to 'GLfloat'
C:\Users\Mohammed Skouti\Downloads\pic\pic\pic\pic\Source.cpp(922,24): warning C4305: 'argument': truncation from 'double' to 'GLfloat'
C:\Users\Mohammed Skouti\Downloads\pic\pic\pic\pic\Source.cpp(1048,8): warning C4244: '=': conversion from 'double' to 'float', possible loss of data
C:\Users\Mohammed Skouti\Downloads\pic\pic\pic\pic\Source.cpp(1050,8): warning C4244: '=': conversion from 'double' to 'float', possible loss of data
C:\Users\Mohammed Skouti\Downloads\pic\pic\pic\pic\Source.cpp(1051,28): warning C4244: '=': conversion from 'double' to 'float', possible loss of data
C:\Users\Mohammed Skouti\Downloads\pic\pic\pic\pic\Source.cpp(1052,18): warning C4244: '=': conversion from 'double' to 'float', possible loss of data
C:\Users\Mohammed Skouti\Downloads\pic\pic\pic\pic\Source.cpp(1053,28): warning C4244: '=': conversion from 'double' to 'float', possible loss of data
C:\Users\Mohammed Skouti\Downloads\pic\pic\pic\pic\Source.cpp(1097,26): warning C4244: '=': conversion from 'double' to 'float', possible loss of data
C:\Users\Mohammed Skouti\Downloads\pic\pic\pic\pic\Source.cpp(1108,32): warning C4305: 'initializing': truncation from 'double' to 'float'
C:\Users\Mohammed Skouti\Downloads\pic\pic\pic\pic\Source.cpp(1115,30): warning C4305: 'initializing': truncation from 'double' to 'float'
C:\Users\Mohammed Skouti\Downloads\pic\pic\pic\pic\Source.cpp(1116,32): warning C4305: 'initializing': truncation from 'double' to 'float'
C:\Users\Mohammed Skouti\Downloads\pic\pic\pic\pic\Source.cpp(1117,35): warning C4305: 'initializing': truncation from 'double' to 'float'
C:\Users\Mohammed Skouti\Downloads\pic\pic\pic\pic\Source.cpp(1141,29): warning C4305: 'argument': truncation from 'double' to 'float'
C:\Users\Mohammed Skouti\Downloads\pic\pic\pic\pic\Source.cpp(1142,20): warning C4305: 'argument': truncation from 'double' to 'float'
C:\Users\Mohammed Skouti\Downloads\pic\pic\pic\pic\Source.cpp(1147,30): warning C4305: 'argument': truncation from 'double' to 'float'
C:\Users\Mohammed Skouti\Downloads\pic\pic\pic\pic\Source.cpp(1148,20): warning C4305: 'argument': truncation from 'double' to 'float'
C:\Users\Mohammed Skouti\Downloads\pic\pic\pic\pic\Source.cpp(1177,32): warning C4305: 'argument': truncation from 'double' to 'float'
C:\Users\Mohammed Skouti\Downloads\pic\pic\pic\pic\Source.cpp(1183,32): warning C4305: 'argument': truncation from 'double' to 'float'
C:\Users\Mohammed Skouti\Downloads\pic\pic\pic\pic\Source.cpp(1189,32): warning C4305: 'argument': truncation from 'double' to 'float'
C:\Users\Mohammed Skouti\Downloads\pic\pic\pic\pic\Source.cpp(1195,32): warning C4305: 'argument': truncation from 'double' to 'float'
C:\Users\Mohammed Skouti\Downloads\pic\pic\pic\pic\Source.cpp(1201,32): warning C4305: 'argument': truncation from 'double' to 'float'
C:\Users\Mohammed Skouti\Downloads\pic\pic\pic\pic\Source.cpp(1203,32): warning C4305: 'argument': truncation from 'double' to 'float'
C:\Users\Mohammed Skouti\Downloads\pic\pic\pic\pic\Source.cpp(1205,32): warning C4305: 'argument': truncation from 'double' to 'float'
C:\Users\Mohammed Skouti\Downloads\pic\pic\pic\pic\Source.cpp(1211,32): warning C4305: 'argument': truncation from 'double' to 'float'
C:\Users\Mohammed Skouti\Downloads\pic\pic\pic\pic\Source.cpp(1213,32): warning C4305: 'argument': truncation from 'double' to 'float'
C:\Users\Mohammed Skouti\Downloads\pic\pic\pic\pic\Source.cpp(1215,32): warning C4305: 'argument': truncation from 'double' to 'float'
C:\Users\Mohammed Skouti\Downloads\pic\pic\pic\pic\Source.cpp(1501,25): warning C4305: 'argument': truncation from 'double' to 'GLfloat'
C:\Users\Mohammed Skouti\Downloads\pic\pic\pic\pic\Source.cpp(1507,15): warning C4305: '-=': truncation from 'double' to 'float'
C:\Users\Mohammed Skouti\Downloads\pic\pic\pic\pic\Source.cpp(1688,28): warning C4305: 'argument': truncation from 'double' to 'GLfloat'
C:\Users\Mohammed Skouti\Downloads\pic\pic\pic\pic\Source.cpp(1689,25): warning C4305: 'argument': truncation from 'double' to 'GLfloat'
C:\Users\Mohammed Skouti\Downloads\pic\pic\pic\pic\Source.cpp(1697,28): warning C4305: 'argument': truncation from 'double' to 'GLfloat'
C:\Users\Mohammed Skouti\Downloads\pic\pic\pic\pic\Source.cpp(1698,25): warning C4305: 'argument': truncation from 'double' to 'GLfloat'
C:\Users\Mohammed Skouti\Downloads\pic\pic\pic\pic\Source.cpp(1706,28): warning C4305: 'argument': truncation from 'double' to 'GLfloat'
C:\Users\Mohammed Skouti\Downloads\pic\pic\pic\pic\Source.cpp(1707,25): warning C4305: 'argument': truncation from 'double' to 'GLfloat'
C:\Users\Mohammed Skouti\Downloads\pic\pic\pic\pic\Source.cpp(1715,28): warning C4305: 'argument': truncation from 'double' to 'GLfloat'
C:\Users\Mohammed Skouti\Downloads\pic\pic\pic\pic\Source.cpp(1716,25): warning C4305: 'argument': truncation from 'double' to 'GLfloat'
C:\Users\Mohammed Skouti\Downloads\pic\pic\pic\pic\Source.cpp(1724,28): warning C4305: 'argument': truncation from 'double' to 'GLfloat'
C:\Users\Mohammed Skouti\Downloads\pic\pic\pic\pic\Source.cpp(1725,25): warning C4305: 'argument': truncation from 'double' to 'GLfloat'
C:\Users\Mohammed Skouti\Downloads\pic\pic\pic\pic\Source.cpp(1733,28): warning C4305: 'argument': truncation from 'double' to 'GLfloat'
C:\Users\Mohammed Skouti\Downloads\pic\pic\pic\pic\Source.cpp(1734,25): warning C4305: 'argument': truncation from 'double' to 'GLfloat'
C:\Users\Mohammed Skouti\Downloads\pic\pic\pic\pic\Source.cpp(1742,28): warning C4305: 'argument': truncation from 'double' to 'GLfloat'
C:\Users\Mohammed Skouti\Downloads\pic\pic\pic\pic\Source.cpp(1743,25): warning C4305: 'argument': truncation from 'double' to 'GLfloat'
C:\Users\Mohammed Skouti\Downloads\pic\pic\pic\pic\Source.cpp(1751,28): warning C4305: 'argument': truncation from 'double' to 'GLfloat'
C:\Users\Mohammed Skouti\Downloads\pic\pic\pic\pic\Source.cpp(1752,25): warning C4305: 'argument': truncation from 'double' to 'GLfloat'
C:\Users\Mohammed Skouti\Downloads\pic\pic\pic\pic\Source.cpp(2169,3): warning C4838: conversion from 'int' to 'BYTE' requires a narrowing conversion
C:\Users\Mohammed Skouti\Downloads\pic\pic\pic\pic\Source.cpp(2364,13): warning C4244: 'return': conversion from 'WPARAM' to 'int', possible loss of data
  pic.vcxproj -> C:\Users\Mohammed Skouti\Downloads\pic\pic\pic\x64\Debug\pic.exe
