Build started 12/28/2018 11:23:04 PM.
     1>Project "C:\Users\USER\Documents\Visual Studio 2015\Projects\pic\pic\pic.vcxproj" on node 2 (Build target(s)).
     1>ClCompile:
         C:\Program Files (x86)\Microsoft Visual Studio 14.0\VC\bin\CL.exe /c /ZI /nologo /W3 /WX- /sdl /Od /Oy- /D _MBCS /Gm /EHsc /RTC1 /MDd /GS /fp:precise /Zc:wchar_t /Zc:forScope /Zc:inline /Fo"Debug\\" /Fd"Debug\vc140.pdb" /Gd /TP /analyze- /errorReport:prompt Source.cpp
         Source.cpp
     1>c:\users\user\documents\visual studio 2015\projects\pic\pic\source.cpp(385): warning C4305: 'initializing': truncation from 'double' to 'float'
     1>c:\users\user\documents\visual studio 2015\projects\pic\pic\source.cpp(387): warning C4305: 'initializing': truncation from 'double' to 'float'
     1>c:\users\user\documents\visual studio 2015\projects\pic\pic\source.cpp(804): warning C4305: 'argument': truncation from 'double' to 'GLfloat'
     1>c:\users\user\documents\visual studio 2015\projects\pic\pic\source.cpp(805): warning C4305: 'argument': truncation from 'double' to 'GLfloat'
     1>c:\users\user\documents\visual studio 2015\projects\pic\pic\source.cpp(808): warning C4305: 'argument': truncation from 'double' to 'GLfloat'
     1>c:\users\user\documents\visual studio 2015\projects\pic\pic\source.cpp(811): warning C4305: 'argument': truncation from 'double' to 'GLfloat'
     1>c:\users\user\documents\visual studio 2015\projects\pic\pic\source.cpp(814): warning C4305: 'argument': truncation from 'double' to 'GLfloat'
     1>c:\users\user\documents\visual studio 2015\projects\pic\pic\source.cpp(815): warning C4305: 'argument': truncation from 'double' to 'GLfloat'
     1>c:\users\user\documents\visual studio 2015\projects\pic\pic\source.cpp(816): warning C4305: 'argument': truncation from 'double' to 'GLfloat'
     1>c:\users\user\documents\visual studio 2015\projects\pic\pic\source.cpp(819): warning C4305: 'argument': truncation from 'double' to 'GLfloat'
     1>c:\users\user\documents\visual studio 2015\projects\pic\pic\source.cpp(820): warning C4305: 'argument': truncation from 'double' to 'GLfloat'
     1>c:\users\user\documents\visual studio 2015\projects\pic\pic\source.cpp(823): warning C4305: 'argument': truncation from 'double' to 'GLfloat'
     1>c:\users\user\documents\visual studio 2015\projects\pic\pic\source.cpp(824): warning C4305: 'argument': truncation from 'double' to 'GLfloat'
     1>c:\users\user\documents\visual studio 2015\projects\pic\pic\source.cpp(830): warning C4305: 'argument': truncation from 'double' to 'GLfloat'
     1>c:\users\user\documents\visual studio 2015\projects\pic\pic\source.cpp(831): warning C4305: 'argument': truncation from 'double' to 'GLfloat'
     1>c:\users\user\documents\visual studio 2015\projects\pic\pic\source.cpp(833): warning C4305: 'argument': truncation from 'double' to 'GLfloat'
     1>c:\users\user\documents\visual studio 2015\projects\pic\pic\source.cpp(834): warning C4305: 'argument': truncation from 'double' to 'GLfloat'
     1>c:\users\user\documents\visual studio 2015\projects\pic\pic\source.cpp(838): warning C4305: 'argument': truncation from 'double' to 'GLfloat'
     1>c:\users\user\documents\visual studio 2015\projects\pic\pic\source.cpp(839): warning C4305: 'argument': truncation from 'double' to 'GLfloat'
     1>c:\users\user\documents\visual studio 2015\projects\pic\pic\source.cpp(845): warning C4305: 'argument': truncation from 'double' to 'GLfloat'
     1>c:\users\user\documents\visual studio 2015\projects\pic\pic\source.cpp(846): warning C4305: 'argument': truncation from 'double' to 'GLfloat'
     1>c:\users\user\documents\visual studio 2015\projects\pic\pic\source.cpp(849): warning C4305: 'argument': truncation from 'double' to 'GLfloat'
     1>c:\users\user\documents\visual studio 2015\projects\pic\pic\source.cpp(850): warning C4305: 'argument': truncation from 'double' to 'GLfloat'
     1>c:\users\user\documents\visual studio 2015\projects\pic\pic\source.cpp(851): warning C4305: 'argument': truncation from 'double' to 'GLfloat'
     1>c:\users\user\documents\visual studio 2015\projects\pic\pic\source.cpp(854): warning C4305: 'argument': truncation from 'double' to 'GLfloat'
     1>c:\users\user\documents\visual studio 2015\projects\pic\pic\source.cpp(855): warning C4305: 'argument': truncation from 'double' to 'GLfloat'
     1>c:\users\user\documents\visual studio 2015\projects\pic\pic\source.cpp(856): warning C4305: 'argument': truncation from 'double' to 'GLfloat'
     1>c:\users\user\documents\visual studio 2015\projects\pic\pic\source.cpp(859): warning C4305: 'argument': truncation from 'double' to 'GLfloat'
     1>c:\users\user\documents\visual studio 2015\projects\pic\pic\source.cpp(860): warning C4305: 'argument': truncation from 'double' to 'GLfloat'
     1>c:\users\user\documents\visual studio 2015\projects\pic\pic\source.cpp(861): warning C4305: 'argument': truncation from 'double' to 'GLfloat'
     1>c:\users\user\documents\visual studio 2015\projects\pic\pic\source.cpp(864): warning C4305: 'argument': truncation from 'double' to 'GLfloat'
     1>c:\users\user\documents\visual studio 2015\projects\pic\pic\source.cpp(865): warning C4305: 'argument': truncation from 'double' to 'GLfloat'
     1>c:\users\user\documents\visual studio 2015\projects\pic\pic\source.cpp(866): warning C4305: 'argument': truncation from 'double' to 'GLfloat'
     1>c:\users\user\documents\visual studio 2015\projects\pic\pic\source.cpp(869): warning C4305: 'argument': truncation from 'double' to 'GLfloat'
     1>c:\users\user\documents\visual studio 2015\projects\pic\pic\source.cpp(870): warning C4305: 'argument': truncation from 'double' to 'GLfloat'
     1>c:\users\user\documents\visual studio 2015\projects\pic\pic\source.cpp(871): warning C4305: 'argument': truncation from 'double' to 'GLfloat'
     1>c:\users\user\documents\visual studio 2015\projects\pic\pic\source.cpp(874): warning C4305: 'argument': truncation from 'double' to 'GLfloat'
     1>c:\users\user\documents\visual studio 2015\projects\pic\pic\source.cpp(875): warning C4305: 'argument': truncation from 'double' to 'GLfloat'
     1>c:\users\user\documents\visual studio 2015\projects\pic\pic\source.cpp(876): warning C4305: 'argument': truncation from 'double' to 'GLfloat'
     1>c:\users\user\documents\visual studio 2015\projects\pic\pic\source.cpp(879): warning C4305: 'argument': truncation from 'double' to 'GLfloat'
     1>c:\users\user\documents\visual studio 2015\projects\pic\pic\source.cpp(880): warning C4305: 'argument': truncation from 'double' to 'GLfloat'
     1>c:\users\user\documents\visual studio 2015\projects\pic\pic\source.cpp(881): warning C4305: 'argument': truncation from 'double' to 'GLfloat'
     1>c:\users\user\documents\visual studio 2015\projects\pic\pic\source.cpp(884): warning C4305: 'argument': truncation from 'double' to 'GLfloat'
     1>c:\users\user\documents\visual studio 2015\projects\pic\pic\source.cpp(885): warning C4305: 'argument': truncation from 'double' to 'GLfloat'
     1>c:\users\user\documents\visual studio 2015\projects\pic\pic\source.cpp(886): warning C4305: 'argument': truncation from 'double' to 'GLfloat'
     1>c:\users\user\documents\visual studio 2015\projects\pic\pic\source.cpp(887): warning C4305: 'argument': truncation from 'double' to 'GLfloat'
     1>c:\users\user\documents\visual studio 2015\projects\pic\pic\source.cpp(889): warning C4305: 'argument': truncation from 'double' to 'GLfloat'
     1>c:\users\user\documents\visual studio 2015\projects\pic\pic\source.cpp(890): warning C4305: 'argument': truncation from 'double' to 'GLfloat'
     1>c:\users\user\documents\visual studio 2015\projects\pic\pic\source.cpp(891): warning C4305: 'argument': truncation from 'double' to 'GLfloat'
     1>c:\users\user\documents\visual studio 2015\projects\pic\pic\source.cpp(892): warning C4305: 'argument': truncation from 'double' to 'GLfloat'
     1>c:\users\user\documents\visual studio 2015\projects\pic\pic\source.cpp(894): warning C4305: 'argument': truncation from 'double' to 'GLfloat'
     1>c:\users\user\documents\visual studio 2015\projects\pic\pic\source.cpp(895): warning C4305: 'argument': truncation from 'double' to 'GLfloat'
     1>c:\users\user\documents\visual studio 2015\projects\pic\pic\source.cpp(896): warning C4305: 'argument': truncation from 'double' to 'GLfloat'
     1>c:\users\user\documents\visual studio 2015\projects\pic\pic\source.cpp(897): warning C4305: 'argument': truncation from 'double' to 'GLfloat'
     1>c:\users\user\documents\visual studio 2015\projects\pic\pic\source.cpp(899): warning C4305: 'argument': truncation from 'double' to 'GLfloat'
     1>c:\users\user\documents\visual studio 2015\projects\pic\pic\source.cpp(900): warning C4305: 'argument': truncation from 'double' to 'GLfloat'
     1>c:\users\user\documents\visual studio 2015\projects\pic\pic\source.cpp(901): warning C4305: 'argument': truncation from 'double' to 'GLfloat'
     1>c:\users\user\documents\visual studio 2015\projects\pic\pic\source.cpp(902): warning C4305: 'argument': truncation from 'double' to 'GLfloat'
     1>c:\users\user\documents\visual studio 2015\projects\pic\pic\source.cpp(904): warning C4305: 'argument': truncation from 'double' to 'GLfloat'
     1>c:\users\user\documents\visual studio 2015\projects\pic\pic\source.cpp(905): warning C4305: 'argument': truncation from 'double' to 'GLfloat'
     1>c:\users\user\documents\visual studio 2015\projects\pic\pic\source.cpp(906): warning C4305: 'argument': truncation from 'double' to 'GLfloat'
     1>c:\users\user\documents\visual studio 2015\projects\pic\pic\source.cpp(907): warning C4305: 'argument': truncation from 'double' to 'GLfloat'
     1>c:\users\user\documents\visual studio 2015\projects\pic\pic\source.cpp(909): warning C4305: 'argument': truncation from 'double' to 'GLfloat'
     1>c:\users\user\documents\visual studio 2015\projects\pic\pic\source.cpp(910): warning C4305: 'argument': truncation from 'double' to 'GLfloat'
     1>c:\users\user\documents\visual studio 2015\projects\pic\pic\source.cpp(911): warning C4305: 'argument': truncation from 'double' to 'GLfloat'
     1>c:\users\user\documents\visual studio 2015\projects\pic\pic\source.cpp(912): warning C4305: 'argument': truncation from 'double' to 'GLfloat'
     1>c:\users\user\documents\visual studio 2015\projects\pic\pic\source.cpp(914): warning C4305: 'argument': truncation from 'double' to 'GLfloat'
     1>c:\users\user\documents\visual studio 2015\projects\pic\pic\source.cpp(915): warning C4305: 'argument': truncation from 'double' to 'GLfloat'
     1>c:\users\user\documents\visual studio 2015\projects\pic\pic\source.cpp(916): warning C4305: 'argument': truncation from 'double' to 'GLfloat'
     1>c:\users\user\documents\visual studio 2015\projects\pic\pic\source.cpp(917): warning C4305: 'argument': truncation from 'double' to 'GLfloat'
     1>c:\users\user\documents\visual studio 2015\projects\pic\pic\source.cpp(919): warning C4305: 'argument': truncation from 'double' to 'GLfloat'
     1>c:\users\user\documents\visual studio 2015\projects\pic\pic\source.cpp(920): warning C4305: 'argument': truncation from 'double' to 'GLfloat'
     1>c:\users\user\documents\visual studio 2015\projects\pic\pic\source.cpp(921): warning C4305: 'argument': truncation from 'double' to 'GLfloat'
     1>c:\users\user\documents\visual studio 2015\projects\pic\pic\source.cpp(922): warning C4305: 'argument': truncation from 'double' to 'GLfloat'
     1>c:\users\user\documents\visual studio 2015\projects\pic\pic\source.cpp(1048): warning C4244: '=': conversion from 'double' to 'float', possible loss of data
     1>c:\users\user\documents\visual studio 2015\projects\pic\pic\source.cpp(1050): warning C4244: '=': conversion from 'double' to 'float', possible loss of data
     1>c:\users\user\documents\visual studio 2015\projects\pic\pic\source.cpp(1051): warning C4244: '=': conversion from 'double' to 'float', possible loss of data
     1>c:\users\user\documents\visual studio 2015\projects\pic\pic\source.cpp(1052): warning C4244: '=': conversion from 'double' to 'float', possible loss of data
     1>c:\users\user\documents\visual studio 2015\projects\pic\pic\source.cpp(1053): warning C4244: '=': conversion from 'double' to 'float', possible loss of data
     1>c:\users\user\documents\visual studio 2015\projects\pic\pic\source.cpp(1097): warning C4244: '=': conversion from 'double' to 'float', possible loss of data
     1>c:\users\user\documents\visual studio 2015\projects\pic\pic\source.cpp(1108): warning C4838: conversion from 'double' to 'float' requires a narrowing conversion
     1>c:\users\user\documents\visual studio 2015\projects\pic\pic\source.cpp(1108): warning C4305: 'initializing': truncation from 'double' to 'float'
     1>c:\users\user\documents\visual studio 2015\projects\pic\pic\source.cpp(1115): warning C4838: conversion from 'double' to 'float' requires a narrowing conversion
     1>c:\users\user\documents\visual studio 2015\projects\pic\pic\source.cpp(1115): warning C4305: 'initializing': truncation from 'double' to 'float'
     1>c:\users\user\documents\visual studio 2015\projects\pic\pic\source.cpp(1116): warning C4838: conversion from 'double' to 'float' requires a narrowing conversion
     1>c:\users\user\documents\visual studio 2015\projects\pic\pic\source.cpp(1116): warning C4305: 'initializing': truncation from 'double' to 'float'
     1>c:\users\user\documents\visual studio 2015\projects\pic\pic\source.cpp(1117): warning C4838: conversion from 'double' to 'float' requires a narrowing conversion
     1>c:\users\user\documents\visual studio 2015\projects\pic\pic\source.cpp(1117): warning C4305: 'initializing': truncation from 'double' to 'float'
     1>c:\users\user\documents\visual studio 2015\projects\pic\pic\source.cpp(1141): warning C4305: 'argument': truncation from 'double' to 'float'
     1>c:\users\user\documents\visual studio 2015\projects\pic\pic\source.cpp(1142): warning C4305: 'argument': truncation from 'double' to 'float'
     1>c:\users\user\documents\visual studio 2015\projects\pic\pic\source.cpp(1147): warning C4305: 'argument': truncation from 'double' to 'float'
     1>c:\users\user\documents\visual studio 2015\projects\pic\pic\source.cpp(1148): warning C4305: 'argument': truncation from 'double' to 'float'
     1>c:\users\user\documents\visual studio 2015\projects\pic\pic\source.cpp(1177): warning C4305: 'argument': truncation from 'double' to 'float'
     1>c:\users\user\documents\visual studio 2015\projects\pic\pic\source.cpp(1183): warning C4305: 'argument': truncation from 'double' to 'float'
     1>c:\users\user\documents\visual studio 2015\projects\pic\pic\source.cpp(1189): warning C4305: 'argument': truncation from 'double' to 'float'
     1>c:\users\user\documents\visual studio 2015\projects\pic\pic\source.cpp(1195): warning C4305: 'argument': truncation from 'double' to 'float'
     1>c:\users\user\documents\visual studio 2015\projects\pic\pic\source.cpp(1201): warning C4305: 'argument': truncation from 'double' to 'float'
     1>c:\users\user\documents\visual studio 2015\projects\pic\pic\source.cpp(1203): warning C4305: 'argument': truncation from 'double' to 'float'
     1>c:\users\user\documents\visual studio 2015\projects\pic\pic\source.cpp(1205): warning C4305: 'argument': truncation from 'double' to 'float'
     1>c:\users\user\documents\visual studio 2015\projects\pic\pic\source.cpp(1211): warning C4305: 'argument': truncation from 'double' to 'float'
     1>c:\users\user\documents\visual studio 2015\projects\pic\pic\source.cpp(1213): warning C4305: 'argument': truncation from 'double' to 'float'
     1>c:\users\user\documents\visual studio 2015\projects\pic\pic\source.cpp(1215): warning C4305: 'argument': truncation from 'double' to 'float'
     1>c:\users\user\documents\visual studio 2015\projects\pic\pic\source.cpp(1501): warning C4305: 'argument': truncation from 'double' to 'GLfloat'
     1>c:\users\user\documents\visual studio 2015\projects\pic\pic\source.cpp(1507): warning C4305: '-=': truncation from 'double' to 'float'
     1>c:\users\user\documents\visual studio 2015\projects\pic\pic\source.cpp(1688): warning C4305: 'argument': truncation from 'double' to 'GLfloat'
     1>c:\users\user\documents\visual studio 2015\projects\pic\pic\source.cpp(1689): warning C4305: 'argument': truncation from 'double' to 'GLfloat'
     1>c:\users\user\documents\visual studio 2015\projects\pic\pic\source.cpp(1697): warning C4305: 'argument': truncation from 'double' to 'GLfloat'
     1>c:\users\user\documents\visual studio 2015\projects\pic\pic\source.cpp(1698): warning C4305: 'argument': truncation from 'double' to 'GLfloat'
     1>c:\users\user\documents\visual studio 2015\projects\pic\pic\source.cpp(1706): warning C4305: 'argument': truncation from 'double' to 'GLfloat'
     1>c:\users\user\documents\visual studio 2015\projects\pic\pic\source.cpp(1707): warning C4305: 'argument': truncation from 'double' to 'GLfloat'
     1>c:\users\user\documents\visual studio 2015\projects\pic\pic\source.cpp(1715): warning C4305: 'argument': truncation from 'double' to 'GLfloat'
     1>c:\users\user\documents\visual studio 2015\projects\pic\pic\source.cpp(1716): warning C4305: 'argument': truncation from 'double' to 'GLfloat'
     1>c:\users\user\documents\visual studio 2015\projects\pic\pic\source.cpp(1724): warning C4305: 'argument': truncation from 'double' to 'GLfloat'
     1>c:\users\user\documents\visual studio 2015\projects\pic\pic\source.cpp(1725): warning C4305: 'argument': truncation from 'double' to 'GLfloat'
     1>c:\users\user\documents\visual studio 2015\projects\pic\pic\source.cpp(1733): warning C4305: 'argument': truncation from 'double' to 'GLfloat'
     1>c:\users\user\documents\visual studio 2015\projects\pic\pic\source.cpp(1734): warning C4305: 'argument': truncation from 'double' to 'GLfloat'
     1>c:\users\user\documents\visual studio 2015\projects\pic\pic\source.cpp(1742): warning C4305: 'argument': truncation from 'double' to 'GLfloat'
     1>c:\users\user\documents\visual studio 2015\projects\pic\pic\source.cpp(1743): warning C4305: 'argument': truncation from 'double' to 'GLfloat'
     1>c:\users\user\documents\visual studio 2015\projects\pic\pic\source.cpp(1751): warning C4305: 'argument': truncation from 'double' to 'GLfloat'
     1>c:\users\user\documents\visual studio 2015\projects\pic\pic\source.cpp(1752): warning C4305: 'argument': truncation from 'double' to 'GLfloat'
     1>c:\users\user\documents\visual studio 2015\projects\pic\pic\source.cpp(2181): warning C4838: conversion from 'int' to 'BYTE' requires a narrowing conversion
       Link:
         C:\Program Files (x86)\Microsoft Visual Studio 14.0\VC\bin\link.exe /ERRORREPORT:PROMPT /OUT:"C:\Users\USER\Documents\Visual Studio 2015\Projects\pic\Debug\pic.exe" /INCREMENTAL /NOLOGO kernel32.lib user32.lib gdi32.lib winspool.lib comdlg32.lib advapi32.lib shell32.lib ole32.lib oleaut32.lib uuid.lib odbc32.lib odbccp32.lib /MANIFEST /MANIFESTUAC:"level='asInvoker' uiAccess='false'" /manifest:embed /Debug /PDB:"C:\Users\USER\Documents\Visual Studio 2015\Projects\pic\Debug\pic.pdb" /TLBID:1 /DYNAMICBASE /NXCOMPAT /IMPLIB:"C:\Users\USER\Documents\Visual Studio 2015\Projects\pic\Debug\pic.lib" /MACHINE:X86 Debug\Source.obj
         pic.vcxproj -> C:\Users\USER\Documents\Visual Studio 2015\Projects\pic\Debug\pic.exe
     1>Done Building Project "C:\Users\USER\Documents\Visual Studio 2015\Projects\pic\pic\pic.vcxproj" (Build target(s)).

Build succeeded.

Time Elapsed 00:00:01.71
